(base) will@desk:~/Projects/RMS$ python download_aseg.py 
/home/will/anaconda3/lib/python3.7/site-packages/flywheel/flywheel.py:5758: UserWarning: Client version 10.0.1 does not match server version 11.0.1. Please update your client version!
  warnings.warn('Client version {} does not match server version {}. Please update your client version!'.format(SDK_VERSION, release_version))
WARNING:Flywheel:Use "pip install flywheel-sdk~=11.0.1" to install a compatible version for this server
Downloading pilot_10's ABCD_T1w_MPR_vNav_active_RMS_24_aseg.mgz
Downloading pilot_10's ABCD_T1w_MPR_vNav_passive_RMS_21_aseg.mgz
Downloading pilot_05's ABCD_T1w_MPR_vNav_passive_RMS_9_aseg.mgz
Downloading pilot_05's ABCD_T1w_MPR_vNav_passive_RMS_20_aseg.mgz
Downloading pilot_08's ABCD_T1w_MPR_vNav_passive_RMS_9_aseg.mgz
Downloading pilot_08's ABCD_T1w_MPR_vNav_passive_RMS_20_aseg.mgz
Downloading pilot_08's ABCD_T1w_MPR_vNav_active_RMS_23_aseg.mgz
Downloading pilot_09's ABCD_T1w_MPR_vNav_passive_RMS_9_aseg.mgz
Downloading pilot_09's ABCD_T1w_MPR_vNav_active_RMS_12_aseg.mgz
Downloading pilot_09's ABCD_T1w_MPR_vNav_passive_RMS_21_aseg.mgz
Downloading pilot_09's ABCD_T1w_MPR_vNav_active_RMS_24_aseg.mgz
Downloading pilot_07's ABCD_T1w_MPR_vNav_passive_RMS_9_aseg.mgz
Downloading pilot_07's ABCD_T1w_MPR_vNav_active_RMS_12_aseg.mgz
Downloading pilot_07's ABCD_T1w_MPR_vNav_passive_RMS_21_aseg.mgz
Downloading pilot_07's ABCD_T1w_MPR_vNav_active_RMS_24_aseg.mgz
Downloading pilot_06's ABCD_T1w_MPR_vNav_passive_RMS_9_aseg.mgz
Downloading pilot_06's ABCD_T1w_MPR_vNav_active_RMS_12_aseg.mgz
Downloading pilot_06's ABCD_T1w_MPR_vNav_passive_RMS_21_aseg.mgz
Downloading pilot_06's ABCD_T1w_MPR_vNav_active_RMS_24_aseg.mgz
Downloading pilot_13's ABCD_T1w_MPR_vNav_passive_RMS_9_aseg.mgz
Downloading pilot_13's ABCD_T1w_MPR_vNav_active_RMS_12_aseg.mgz
Downloading pilot_13's ABCD_T1w_MPR_vNav_passive_RMS_21_aseg.mgz
Downloading pilot_13's ABCD_T1w_MPR_vNav_active_RMS_24_aseg.mgz
Downloading pilot_15's ABCD_T1w_MPR_vNav_passive_RMS_9_aseg.mgz
Downloading pilot_15's ABCD_T1w_MPR_vNav_active_RMS_12_aseg.mgz
Downloading pilot_15's ABCD_T1w_MPR_vNav_passive_RMS_21_aseg.mgz
Downloading pilot_15's ABCD_T1w_MPR_vNav_active_RMS_24_aseg.mgz
Downloading pilot_12's ABCD_T1w_MPR_vNav_passive_RMS_9_aseg.mgz
Downloading pilot_12's ABCD_T1w_MPR_vNav_active_RMS_12_aseg.mgz
Downloading pilot_12's ABCD_T1w_MPR_vNav_passive_RMS_21_aseg.mgz
Downloading pilot_12's ABCD_T1w_MPR_vNav_active_RMS_24_aseg.mgz
Downloading pilot_11's ABCD_T1w_MPR_vNav_passive_RMS_9_aseg.mgz
Downloading pilot_11's ABCD_T1w_MPR_vNav_active_RMS_24_aseg.mgz
Downloading pilot_11's ABCD_T1w_MPR_vNav_active_RMS_12_aseg.mgz
Downloading pilot_11's ABCD_T1w_MPR_vNav_passive_RMS_21_aseg.mgz
Downloading pilot_10's ABCD_T1w_MPR_vNav_passive_RMS_9_aseg.mgz
Downloading pilot_10's ABCD_T1w_MPR_vNav_active_RMS_24_aseg.mgz
Downloading pilot_10's ABCD_T1w_MPR_vNav_active_RMS_12_aseg.mgz
Downloading pilot_10's ABCD_T1w_MPR_vNav_passive_RMS_21_aseg.mgz
